2015-07-05 18:36:41,619 [Thread-66:140243931752192] [SSO.models:40] [DEBUG]- Created ticket TK-1436092601-F7zYBRk6eI8SPrCCDKya7AzSG4uxn4Md
2015-07-05 18:37:29,368 [Thread-121:140243947489024] [SSO.models:40] [DEBUG]- Created ticket TK-1436092649-h3ArBRxZ8gRVXb3OwMY3Utq8fo7rD4Wc
2015-07-05 18:45:13,834 [Thread-2:139839944300288] [SSO.models:40] [DEBUG]- Created ticket TK-1436093113-51ZypTb0hSPWXJFtEz61ViKl032k2BGh
2015-07-05 18:50:00,685 [Thread-2:139750629713664] [SSO.models:40] [DEBUG]- Created ticket TK-1436093400-Ne6sGcfQx5S4rMOQKr4nhDUNFOU366zb
2015-07-05 18:53:44,428 [Thread-8:139750375679744] [SSO.models:40] [DEBUG]- Created ticket TK-1436093624-8j3FpH34hIVrqvp7Kck8QgLky4JKv8kY
2015-07-05 18:54:01,279 [Thread-10:139750384072448] [SSO.models:40] [DEBUG]- Created ticket TK-1436093641-2m6mhoj7lQxMiP2lC6Bd3BOeuWdBYIJk
2015-07-05 18:59:42,366 [Thread-15:139750367287040] [SSO.models:40] [DEBUG]- Created ticket TK-1436093982-8vEGVDoSGeDHofdEhM2b69XU40BD7SiO
2015-07-05 19:00:36,826 [Thread-18:139750629713664] [SSO.models:40] [DEBUG]- Created ticket TK-1436094036-tpvXw9B5QOo5WNHzBGBtzr1Bbij2gsJy
2015-07-05 19:01:02,326 [Thread-2:139847222163200] [SSO.models:40] [DEBUG]- Created ticket TK-1436094062-og1VDRlYM3EwkaFA3rt8pubLAVepDZcp
2015-07-05 19:02:07,344 [Thread-2:140406611097344] [SSO.models:40] [DEBUG]- Created ticket TK-1436094127-5rcCE6XyKhJAsIzF3IB4XUo3GlsJZJMr
2015-07-05 19:03:09,392 [Thread-5:140406611097344] [SSO.models:40] [DEBUG]- Created ticket TK-1436094189-bePvhryXoq51FLRdE2VD2RjZEpmAWvkK
2015-07-05 19:03:19,422 [Thread-8:140406611097344] [SSO.models:40] [DEBUG]- Created ticket TK-1436094199-8u6gDsw0h9aI6VbmWSUIgb1IjGmkcPdM
2015-07-05 19:03:31,468 [Thread-2:140593901205248] [SSO.models:40] [DEBUG]- Created ticket TK-1436094211-AUl8CS8WBFjBG4Clq8hg6crqhAUsBFjW
2015-07-05 19:05:07,100 [Thread-2:139729474836224] [SSO.models:40] [DEBUG]- Created ticket TK-1436094307-6D8xph1CfG7EY1LHOJ7zbXR1AbH2NNtm
2015-07-05 19:05:16,583 [Thread-5:139729474836224] [SSO.models:40] [DEBUG]- Created ticket TK-1436094316-tdH4eeo9Ro1k3YHgvSg2TLtlQ4EHoRkT
2015-07-05 19:07:42,294 [Thread-2:140641167636224] [SSO.models:40] [DEBUG]- Created ticket TK-1436094462-G5x9SP2Krn3kMbpf5PIkgBkIxxDita2r
2015-07-05 19:09:17,959 [Thread-2:140125955344128] [SSO.models:40] [DEBUG]- Created ticket TK-1436094557-YCLdpfkHwLVwR4cDNk11oJIueGghdscS
2015-07-05 19:09:18,127 [Thread-3:140125955344128] [SSO.models:68] [DEBUG]- Validated ticket TK-1436094557-YCLdpfkHwLVwR4cDNk11oJIueGghdscS
2015-07-05 19:09:18,381 [Thread-4:140125955344128] [SSO.models:68] [DEBUG]- Validated ticket TK-1436094557-YCLdpfkHwLVwR4cDNk11oJIueGghdscS
2015-07-05 19:09:31,800 [Thread-5:140125955344128] [SSO.models:68] [DEBUG]- Validated ticket TK-1436094557-YCLdpfkHwLVwR4cDNk11oJIueGghdscS
2015-07-05 19:16:50,694 [Thread-2:140081767642880] [SSO.models:68] [DEBUG]- Validated ticket TK-1436094557-YCLdpfkHwLVwR4cDNk11oJIueGghdscS
2015-07-05 19:17:35,270 [Thread-3:140081767642880] [SSO.models:68] [DEBUG]- Validated ticket TK-1436094557-YCLdpfkHwLVwR4cDNk11oJIueGghdscS
2015-07-05 19:18:28,435 [Thread-2:139900156303104] [SSO.models:68] [DEBUG]- Validated ticket TK-1436094557-YCLdpfkHwLVwR4cDNk11oJIueGghdscS
2015-07-05 19:19:40,879 [Thread-18:139899902621440] [SSO.models:68] [DEBUG]- Validated ticket TK-1436094557-YCLdpfkHwLVwR4cDNk11oJIueGghdscS
2015-07-05 19:20:43,799 [Thread-2:140696619054848] [SSO.models:68] [DEBUG]- Validated ticket TK-1436094557-YCLdpfkHwLVwR4cDNk11oJIueGghdscS
2015-07-05 19:20:56,692 [Thread-2:139689315006208] [SSO.models:68] [DEBUG]- Validated ticket TK-1436094557-YCLdpfkHwLVwR4cDNk11oJIueGghdscS
2015-07-05 19:21:04,510 [Thread-18:139689263642368] [SSO.models:68] [DEBUG]- Validated ticket TK-1436094557-YCLdpfkHwLVwR4cDNk11oJIueGghdscS
2015-07-05 19:21:28,318 [Thread-34:139689272035072] [SSO.models:68] [DEBUG]- Validated ticket TK-1436094557-YCLdpfkHwLVwR4cDNk11oJIueGghdscS
2015-07-05 19:21:28,917 [Thread-50:139689315006208] [SSO.models:68] [DEBUG]- Validated ticket TK-1436094557-YCLdpfkHwLVwR4cDNk11oJIueGghdscS
2015-07-05 19:22:00,893 [Thread-51:139689315006208] [SSO.models:68] [DEBUG]- Validated ticket TK-1436094557-YCLdpfkHwLVwR4cDNk11oJIueGghdscS
2015-07-05 19:22:38,940 [Thread-2:140200530867968] [SSO.models:68] [DEBUG]- Validated ticket TK-1436094557-YCLdpfkHwLVwR4cDNk11oJIueGghdscS
2015-07-05 19:23:06,905 [Thread-2:139770997085952] [SSO.models:68] [DEBUG]- Validated ticket TK-1436094557-YCLdpfkHwLVwR4cDNk11oJIueGghdscS
2015-07-05 19:23:07,686 [Thread-18:139770887616256] [SSO.models:68] [DEBUG]- Validated ticket TK-1436094557-YCLdpfkHwLVwR4cDNk11oJIueGghdscS
2015-07-05 19:23:38,602 [Thread-2:140437509506816] [SSO.models:68] [DEBUG]- Validated ticket TK-1436094557-YCLdpfkHwLVwR4cDNk11oJIueGghdscS
2015-07-05 19:24:11,151 [Thread-2:140061835130624] [SSO.models:68] [DEBUG]- Validated ticket TK-1436094557-YCLdpfkHwLVwR4cDNk11oJIueGghdscS
2015-07-05 19:36:15,570 [Thread-2:140545859426048] [SSO.models:68] [DEBUG]- Validated ticket TK-1436094557-YCLdpfkHwLVwR4cDNk11oJIueGghdscS
2015-07-05 19:37:30,259 [Thread-2:140258825115392] [SSO.models:68] [DEBUG]- Validated ticket TK-1436094557-YCLdpfkHwLVwR4cDNk11oJIueGghdscS
2015-07-05 19:38:47,559 [Thread-2:140138393999104] [SSO.models:68] [DEBUG]- Validated ticket TK-1436094557-YCLdpfkHwLVwR4cDNk11oJIueGghdscS
2015-07-05 19:39:02,682 [Thread-2:140130048292608] [SSO.models:68] [DEBUG]- Validated ticket TK-1436094557-YCLdpfkHwLVwR4cDNk11oJIueGghdscS
2015-07-05 19:39:28,635 [Thread-2:140520317040384] [SSO.models:68] [DEBUG]- Validated ticket TK-1436094557-YCLdpfkHwLVwR4cDNk11oJIueGghdscS
2015-07-05 19:40:55,289 [Thread-2:139638983358208] [SSO.models:68] [DEBUG]- Validated ticket TK-1436094557-YCLdpfkHwLVwR4cDNk11oJIueGghdscS
2015-07-05 19:42:02,660 [Thread-2:140332139075328] [SSO.models:68] [DEBUG]- Validated ticket TK-1436094557-YCLdpfkHwLVwR4cDNk11oJIueGghdscS
2015-07-05 19:43:47,300 [Thread-2:140695275423488] [SSO.models:68] [DEBUG]- Validated ticket TK-1436094557-YCLdpfkHwLVwR4cDNk11oJIueGghdscS
2015-07-05 19:45:50,706 [Thread-2:140349184149248] [SSO.models:68] [DEBUG]- Validated ticket TK-1436094557-YCLdpfkHwLVwR4cDNk11oJIueGghdscS
2015-07-05 19:51:56,239 [Thread-2:139821675149056] [SSO.models:68] [DEBUG]- Validated ticket TK-1436094557-YCLdpfkHwLVwR4cDNk11oJIueGghdscS
2015-07-05 19:54:45,290 [Thread-2:139802432468736] [SSO.models:68] [DEBUG]- Validated ticket TK-1436094557-YCLdpfkHwLVwR4cDNk11oJIueGghdscS
2015-07-05 20:02:12,010 [Thread-2:140231515158272] [SSO.models:68] [DEBUG]- Validated ticket TK-1436094557-YCLdpfkHwLVwR4cDNk11oJIueGghdscS
2015-07-05 20:02:25,842 [Thread-18:140231370053376] [SSO.models:68] [DEBUG]- Validated ticket TK-1436094557-YCLdpfkHwLVwR4cDNk11oJIueGghdscS
2015-07-05 20:04:18,014 [Thread-2:139748706350848] [SSO.models:68] [DEBUG]- Validated ticket TK-1436094557-YCLdpfkHwLVwR4cDNk11oJIueGghdscS
2015-07-05 20:04:42,988 [Thread-18:139748658845440] [SSO.models:68] [DEBUG]- Validated ticket TK-1436094557-YCLdpfkHwLVwR4cDNk11oJIueGghdscS
2015-07-06 08:42:45,223 [Thread-2:139931846440704] [SSO.models:68] [DEBUG]- Validated ticket TK-1436094557-YCLdpfkHwLVwR4cDNk11oJIueGghdscS
2015-07-06 08:43:17,328 [Thread-2:140299377309440] [SSO.models:68] [DEBUG]- Validated ticket TK-1436094557-YCLdpfkHwLVwR4cDNk11oJIueGghdscS
2015-07-06 11:08:31,954 [Thread-2:140037206308608] [SSO.models:68] [DEBUG]- Validated ticket TK-1436094557-YCLdpfkHwLVwR4cDNk11oJIueGghdscS
2015-07-06 11:08:32,044 [Thread-3:140037180745472] [SSO.models:68] [DEBUG]- Validated ticket TK-1436094557-YCLdpfkHwLVwR4cDNk11oJIueGghdscS
2015-07-06 11:08:38,949 [Thread-4:140037172352768] [SSO.models:68] [DEBUG]- Validated ticket TK-1436094557-YCLdpfkHwLVwR4cDNk11oJIueGghdscS
